[INFO ] 2020-04-21 11:27:12.460 [main] Base_Class - URL Loading
[INFO ] 2020-04-21 11:27:12.967 [main] Base_Class - Entered ID
[INFO ] 2020-04-21 11:27:14.116 [main] Base_Class - Entered Password
[INFO ] 2020-04-21 11:27:14.314 [main] Base_Class - button is clicked
[INFO ] 2020-04-21 12:33:43.480 [main] Base_Class - URL Loading
[INFO ] 2020-04-21 12:33:43.597 [main] Base_Class - Entered ID
[INFO ] 2020-04-21 12:33:44.427 [main] Base_Class - Entered Password
[INFO ] 2020-04-21 12:33:44.624 [main] Base_Class - button is clicked
[INFO ] 2020-04-21 12:35:45.283 [main] Base_Class - URL Loading
[INFO ] 2020-04-21 12:35:45.385 [main] Base_Class - Entered ID
[INFO ] 2020-04-21 12:35:45.838 [main] Base_Class - Entered Password
[INFO ] 2020-04-21 12:35:46.026 [main] Base_Class - button is clicked
[INFO ] 2020-04-21 12:38:10.282 [main] Base_Class - URL Loading
[INFO ] 2020-04-21 12:38:10.329 [main] Base_Class - Entered ID
[INFO ] 2020-04-21 12:38:10.795 [main] Base_Class - Entered Password
[INFO ] 2020-04-21 12:38:11.111 [main] Base_Class - button is clicked
[INFO ] 2020-04-21 12:39:03.420 [main] Base_Class - URL Loading
[INFO ] 2020-04-21 12:39:03.699 [main] Base_Class - Entered ID
[INFO ] 2020-04-21 12:39:04.047 [main] Base_Class - Entered Password
[INFO ] 2020-04-21 12:39:04.203 [main] Base_Class - button is clicked
[INFO ] 2020-04-21 12:48:49.220 [main] Base_Class - URL Loading
[INFO ] 2020-04-21 12:48:50.137 [main] Base_Class - Entered ID
[INFO ] 2020-04-21 12:48:50.857 [main] Base_Class - Entered Password
[INFO ] 2020-04-21 12:48:51.085 [main] Base_Class - button is clicked
[INFO ] 2020-04-25 12:21:45.389 [main] Base_Class - URL Loading
[INFO ] 2020-04-25 12:21:45.789 [main] Base_Class - Entered ID
[INFO ] 2020-04-25 12:21:46.361 [main] Base_Class - Entered Password
[INFO ] 2020-04-25 12:21:46.595 [main] Base_Class - button is clicked
[INFO ] 2020-04-25 19:03:28.833 [main] Base_Class - URL Loading
[INFO ] 2020-04-25 19:03:28.938 [main] Base_Class - Entered ID
[INFO ] 2020-04-25 19:03:30.085 [main] Base_Class - Entered Password
[INFO ] 2020-04-25 19:03:30.297 [main] Base_Class - button is clicked
[INFO ] 2020-04-26 10:39:31.799 [main] Base_Class - URL Loading
[INFO ] 2020-04-26 10:39:32.557 [main] Base_Class - Entered ID
[INFO ] 2020-04-26 10:39:33.046 [main] Base_Class - Entered Password
[INFO ] 2020-04-26 10:39:33.141 [main] Base_Class - button is clicked
[INFO ] 2020-04-26 18:43:08.838 [main] Base_Class - URL Loading
[INFO ] 2020-04-26 18:43:09.890 [main] Base_Class - Entered ID
[INFO ] 2020-04-26 18:43:11.787 [main] Base_Class - Entered Password
[INFO ] 2020-04-26 18:43:11.991 [main] Base_Class - button is clicked
[INFO ] 2020-04-26 18:53:51.942 [main] Base_Class - URL Loading
[INFO ] 2020-04-26 18:53:53.722 [main] Base_Class - Entered ID
[INFO ] 2020-04-26 18:53:54.770 [main] Base_Class - Entered Password
[INFO ] 2020-04-26 18:53:54.907 [main] Base_Class - button is clicked
[INFO ] 2020-04-26 18:56:18.286 [main] Base_Class - URL Loading
[INFO ] 2020-04-26 18:56:18.721 [main] Base_Class - Entered ID
[INFO ] 2020-04-26 18:56:22.680 [main] Base_Class - Entered Password
[INFO ] 2020-04-26 18:56:22.807 [main] Base_Class - button is clicked
[INFO ] 2020-04-26 19:08:21.009 [main] Base_Class - Loading user ID
[INFO ] 2020-04-26 19:08:22.605 [main] Base_Class - Loading user password
[INFO ] 2020-04-26 19:08:22.774 [main] Base_Class - Clicking on Login button
[INFO ] 2020-04-26 19:08:28.119 [main] Base_Class - clicking on ADD Customer
[INFO ] 2020-04-26 19:10:11.048 [main] Base_Class - Loading user ID
[INFO ] 2020-04-26 19:10:11.656 [main] Base_Class - Loading user password
[INFO ] 2020-04-26 19:10:11.830 [main] Base_Class - Clicking on Login button
[INFO ] 2020-04-26 19:10:15.117 [main] Base_Class - clicking on ADD Customer
[INFO ] 2020-04-26 19:16:11.575 [main] Base_Class - Loading user ID
[INFO ] 2020-04-26 19:16:12.502 [main] Base_Class - Loading user password
[INFO ] 2020-04-26 19:16:12.649 [main] Base_Class - Clicking on Login button
[INFO ] 2020-04-26 19:16:16.439 [main] Base_Class - clicking on ADD Customer
[INFO ] 2020-04-26 19:18:51.578 [main] Base_Class - URL Loading
[INFO ] 2020-04-26 19:18:52.109 [main] Base_Class - Entered ID
[INFO ] 2020-04-26 19:18:53.634 [main] Base_Class - Entered Password
[INFO ] 2020-04-26 19:18:54.095 [main] Base_Class - button is clicked
[INFO ] 2020-04-26 19:19:23.523 [main] Base_Class - Loading user ID
[INFO ] 2020-04-26 19:19:23.666 [main] Base_Class - Loading user password
[INFO ] 2020-04-26 19:19:28.181 [main] Base_Class - Clicking on Login button
[INFO ] 2020-04-26 19:19:33.004 [main] Base_Class - clicking on ADD Customer
[INFO ] 2020-04-26 19:22:12.837 [main] Base_Class - URL Loading
[INFO ] 2020-04-26 19:22:13.293 [main] Base_Class - Entered ID
[INFO ] 2020-04-26 19:22:13.584 [main] Base_Class - Entered Password
[INFO ] 2020-04-26 19:22:13.731 [main] Base_Class - button is clicked
[INFO ] 2020-04-26 19:22:39.255 [main] Base_Class - Loading user ID
[INFO ] 2020-04-26 19:22:39.518 [main] Base_Class - Loading user password
[INFO ] 2020-04-26 19:22:39.927 [main] Base_Class - Clicking on Login button
[INFO ] 2020-04-26 19:22:41.464 [main] Base_Class - clicking on ADD Customer
[INFO ] 2020-04-26 19:23:48.250 [main] Base_Class - URL Loading
[INFO ] 2020-04-26 19:23:48.536 [main] Base_Class - Entered ID
[INFO ] 2020-04-26 19:23:48.859 [main] Base_Class - Entered Password
[INFO ] 2020-04-26 19:23:49.028 [main] Base_Class - button is clicked
[INFO ] 2020-04-26 19:24:10.180 [main] Base_Class - Loading user ID
[INFO ] 2020-04-26 19:24:10.407 [main] Base_Class - Loading user password
[INFO ] 2020-04-26 19:24:10.554 [main] Base_Class - Clicking on Login button
[INFO ] 2020-04-26 19:24:13.077 [main] Base_Class - clicking on ADD Customer
[INFO ] 2020-04-27 10:50:25.912 [main] Base_Class - URL Loading
[INFO ] 2020-04-27 10:50:27.328 [main] Base_Class - Entered ID
[INFO ] 2020-04-27 10:50:28.290 [main] Base_Class - Entered Password
[INFO ] 2020-04-27 10:50:28.459 [main] Base_Class - button is clicked
[INFO ] 2020-04-27 10:50:51.886 [main] Base_Class - Loading user ID
[INFO ] 2020-04-27 10:50:52.100 [main] Base_Class - Loading user password
[INFO ] 2020-04-27 10:50:52.307 [main] Base_Class - Clicking on Login button
[INFO ] 2020-04-27 10:50:55.539 [main] Base_Class - clicking on ADD Customer
[INFO ] 2020-04-27 10:50:55.977 [main] Base_Class - Typing the Name
[INFO ] 2020-04-27 10:53:15.086 [main] Base_Class - URL Loading
[INFO ] 2020-04-27 10:53:15.125 [main] Base_Class - Entered ID
[INFO ] 2020-04-27 10:53:15.313 [main] Base_Class - Entered Password
[INFO ] 2020-04-27 10:53:15.488 [main] Base_Class - button is clicked
[INFO ] 2020-04-27 10:53:34.230 [main] Base_Class - Loading user ID
[INFO ] 2020-04-27 10:53:34.511 [main] Base_Class - Loading user password
[INFO ] 2020-04-27 10:53:34.653 [main] Base_Class - Clicking on Login button
[INFO ] 2020-04-27 10:53:39.267 [main] Base_Class - clicking on ADD Customer
[INFO ] 2020-04-27 10:53:41.498 [main] Base_Class - Typing the Name
[INFO ] 2020-04-27 10:53:41.645 [main] Base_Class - Selecting the Gender
[INFO ] 2020-04-27 10:53:41.718 [main] Base_Class - Typing the DOB
[INFO ] 2020-04-27 10:53:41.930 [main] Base_Class - Typing the Address
[INFO ] 2020-04-27 10:53:42.172 [main] Base_Class - Typing the City
[INFO ] 2020-04-27 10:53:42.469 [main] Base_Class - Typing the  State
[INFO ] 2020-04-27 10:53:42.730 [main] Base_Class - Typing the PIN no
[INFO ] 2020-04-27 10:53:42.852 [main] Base_Class - Typing the Phone no
[INFO ] 2020-04-27 10:53:42.928 [main] Base_Class - Typing the Email
[INFO ] 2020-04-27 10:53:43.285 [main] Base_Class - Typing the name
[INFO ] 2020-04-27 10:53:43.386 [main] Base_Class - clicking on ADD Customer
[INFO ] 2020-04-27 10:54:44.568 [main] Base_Class - URL Loading
[INFO ] 2020-04-27 10:54:44.608 [main] Base_Class - Entered ID
[INFO ] 2020-04-27 10:54:44.810 [main] Base_Class - Entered Password
[INFO ] 2020-04-27 10:54:45.133 [main] Base_Class - button is clicked
[INFO ] 2020-04-27 10:55:24.794 [main] Base_Class - Loading user ID
[INFO ] 2020-04-27 10:55:25.014 [main] Base_Class - Loading user password
[INFO ] 2020-04-27 10:55:25.196 [main] Base_Class - Clicking on Login button
[INFO ] 2020-04-27 10:55:29.068 [main] Base_Class - clicking on ADD Customer
[INFO ] 2020-04-27 10:55:31.121 [main] Base_Class - Typing the Name
[INFO ] 2020-04-27 10:55:31.270 [main] Base_Class - Selecting the Gender
[INFO ] 2020-04-27 10:55:31.350 [main] Base_Class - Typing the DOB
[INFO ] 2020-04-27 10:55:31.550 [main] Base_Class - Typing the Address
[INFO ] 2020-04-27 10:55:31.647 [main] Base_Class - Typing the City
[INFO ] 2020-04-27 10:55:31.766 [main] Base_Class - Typing the  State
[INFO ] 2020-04-27 10:55:31.872 [main] Base_Class - Typing the PIN no
[INFO ] 2020-04-27 10:55:31.979 [main] Base_Class - Typing the Phone no
[INFO ] 2020-04-27 10:55:32.046 [main] Base_Class - Typing the Email
[INFO ] 2020-04-27 10:55:32.835 [main] Base_Class - Typing the name
[INFO ] 2020-04-27 10:55:32.949 [main] Base_Class - clicking on ADD Customer
[INFO ] 2020-04-27 11:11:32.507 [main] Base_Class - URL Loading
[INFO ] 2020-04-27 11:11:32.607 [main] Base_Class - Entered ID
[INFO ] 2020-04-27 11:11:32.827 [main] Base_Class - Entered Password
[INFO ] 2020-04-27 11:11:32.991 [main] Base_Class - button is clicked
[INFO ] 2020-04-27 11:11:56.802 [main] Base_Class - Loading user ID
[INFO ] 2020-04-27 11:11:56.982 [main] Base_Class - Loading user password
[INFO ] 2020-04-27 11:11:57.137 [main] Base_Class - Clicking on Login button
[INFO ] 2020-04-27 11:11:58.579 [main] Base_Class - clicking on ADD Customer
[INFO ] 2020-04-27 11:12:00.623 [main] Base_Class - Typing the Name
[INFO ] 2020-04-27 11:12:00.918 [main] Base_Class - Selecting the Gender
[INFO ] 2020-04-27 11:12:00.982 [main] Base_Class - Typing the DOB
[INFO ] 2020-04-27 11:12:01.225 [main] Base_Class - Typing the Address
[INFO ] 2020-04-27 11:12:01.323 [main] Base_Class - Typing the City
[INFO ] 2020-04-27 11:12:01.499 [main] Base_Class - Typing the  State
[INFO ] 2020-04-27 11:12:01.619 [main] Base_Class - Typing the PIN no
[INFO ] 2020-04-27 11:12:01.719 [main] Base_Class - Typing the Phone no
[INFO ] 2020-04-27 11:12:01.788 [main] Base_Class - Typing the Email
[INFO ] 2020-04-27 11:12:01.968 [main] Base_Class - Typing the name
[INFO ] 2020-04-27 11:12:02.058 [main] Base_Class - clicking on ADD Customer
[INFO ] 2020-04-28 17:36:58.243 [main] Base_Class - URL Loading
[INFO ] 2020-04-28 17:36:59.366 [main] Base_Class - Entered ID
[INFO ] 2020-04-28 17:37:00.915 [main] Base_Class - Entered Password
[INFO ] 2020-04-28 17:37:01.032 [main] Base_Class - button is clicked
[INFO ] 2020-04-28 17:37:25.641 [main] Base_Class - Loading user ID
[INFO ] 2020-04-28 17:37:25.968 [main] Base_Class - Loading user password
[INFO ] 2020-04-28 17:37:26.086 [main] Base_Class - Clicking on Login button
[INFO ] 2020-04-28 17:37:27.649 [main] Base_Class - clicking on ADD Customer
[INFO ] 2020-04-28 17:37:29.270 [main] Base_Class - Typing the Name
[INFO ] 2020-04-28 17:37:29.608 [main] Base_Class - Selecting the Gender
[INFO ] 2020-04-28 17:37:29.690 [main] Base_Class - Typing the DOB
[INFO ] 2020-04-28 17:37:29.902 [main] Base_Class - Typing the Address
[INFO ] 2020-04-28 17:37:30.004 [main] Base_Class - Typing the City
[INFO ] 2020-04-28 17:37:30.154 [main] Base_Class - Typing the  State
[INFO ] 2020-04-28 17:37:30.269 [main] Base_Class - Typing the PIN no
[INFO ] 2020-04-28 17:37:30.374 [main] Base_Class - Typing the Phone no
[INFO ] 2020-04-28 17:37:30.451 [main] Base_Class - Typing the Email
[INFO ] 2020-04-28 17:37:30.646 [main] Base_Class - Typing the name
[INFO ] 2020-04-28 17:37:30.807 [main] Base_Class - clicking on ADD Customer
[INFO ] 2020-04-28 18:39:02.613 [main] Base_Class - typing the id
[INFO ] 2020-04-28 18:39:03.469 [main] Base_Class - typing the password
[INFO ] 2020-04-28 18:39:03.718 [main] Base_Class - Clicking on login
[INFO ] 2020-04-28 18:39:05.185 [main] Base_Class - Clicking on login
[INFO ] 2020-04-28 18:43:40.500 [main] Base_Class - typing the id
[INFO ] 2020-04-28 18:43:40.697 [main] Base_Class - typing the password
[INFO ] 2020-04-28 18:43:40.855 [main] Base_Class - Clicking on login
[INFO ] 2020-04-28 18:43:43.903 [main] Base_Class - Clicking on login
[INFO ] 2020-04-28 18:43:45.712 [main] Base_Class - typing the customer id
[INFO ] 2020-04-28 18:43:45.845 [main] Base_Class - Editing  the City
[INFO ] 2020-04-28 22:10:54.358 [main] Base_Class - typing the id
[INFO ] 2020-04-28 22:10:55.689 [main] Base_Class - typing the password
[INFO ] 2020-04-28 22:10:55.922 [main] Base_Class - Clicking on login
[INFO ] 2020-04-28 22:10:57.784 [main] Base_Class - Clicking on login
[INFO ] 2020-04-28 22:10:59.768 [main] Base_Class - typing the customer id
[INFO ] 2020-04-28 22:11:00.335 [main] Base_Class - Clicking on submit
[INFO ] 2020-04-28 22:11:01.170 [main] Base_Class - Editing  the City
[INFO ] 2020-04-28 22:11:01.899 [main] Base_Class - Editing  the State
[INFO ] 2020-04-28 22:11:01.989 [main] Base_Class - Editing  the State
[INFO ] 2020-04-28 22:12:28.200 [main] Base_Class - typing the id
[INFO ] 2020-04-28 22:12:28.684 [main] Base_Class - typing the password
[INFO ] 2020-04-28 22:12:29.019 [main] Base_Class - Clicking on login
[INFO ] 2020-04-28 22:12:30.329 [main] Base_Class - Clicking on login
[INFO ] 2020-04-28 22:12:32.396 [main] Base_Class - typing the customer id
[INFO ] 2020-04-28 22:12:33.026 [main] Base_Class - Clicking on submit
[INFO ] 2020-04-28 22:12:33.956 [main] Base_Class - Editing  the City
[INFO ] 2020-04-28 22:12:34.699 [main] Base_Class - Editing  the State
[INFO ] 2020-04-28 22:12:34.773 [main] Base_Class - Editing  the State
[INFO ] 2020-04-28 22:15:41.950 [main] Base_Class - typing the id
[INFO ] 2020-04-28 22:15:42.307 [main] Base_Class - typing the password
[INFO ] 2020-04-28 22:15:42.486 [main] Base_Class - Clicking on login
[INFO ] 2020-04-28 22:17:37.405 [main] Base_Class - typing the id
[INFO ] 2020-04-28 22:17:37.849 [main] Base_Class - typing the password
[INFO ] 2020-04-28 22:17:38.212 [main] Base_Class - Clicking on login
[INFO ] 2020-04-28 22:21:58.252 [main] Base_Class - typing the id
[INFO ] 2020-04-28 22:21:59.048 [main] Base_Class - typing the password
[INFO ] 2020-04-28 22:21:59.212 [main] Base_Class - Clicking on login
[INFO ] 2020-04-28 22:22:03.252 [main] Base_Class - Clicking on login
[INFO ] 2020-04-28 22:22:05.904 [main] Base_Class - typing the customer id
[INFO ] 2020-04-28 22:22:06.030 [main] Base_Class - Clicking on submit
[INFO ] 2020-04-28 22:22:09.549 [main] Base_Class - Editing  the City
[INFO ] 2020-04-28 22:22:09.748 [main] Base_Class - Editing  the State
[INFO ] 2020-04-28 22:22:09.913 [main] Base_Class - Editing  the State
[INFO ] 2020-04-28 22:25:06.527 [main] Base_Class - typing the id
[INFO ] 2020-04-28 22:25:06.971 [main] Base_Class - typing the password
[INFO ] 2020-04-28 22:25:07.126 [main] Base_Class - Clicking on login
[INFO ] 2020-04-28 22:25:09.330 [main] Base_Class - Clicking on login
[INFO ] 2020-04-28 22:25:11.290 [main] Base_Class - typing the customer id
[INFO ] 2020-04-28 22:25:12.824 [main] Base_Class - Clicking on submit
[INFO ] 2020-04-28 22:25:14.144 [main] Base_Class - Editing  the State
[INFO ] 2020-04-28 22:29:50.025 [main] Base_Class - typing the id
[INFO ] 2020-04-28 22:29:51.460 [main] Base_Class - typing the password
[INFO ] 2020-04-28 22:29:51.731 [main] Base_Class - Clicking on login
[INFO ] 2020-04-28 22:29:57.472 [main] Base_Class - Clicking on login
[INFO ] 2020-04-28 22:30:01.513 [main] Base_Class - typing the customer id
[INFO ] 2020-04-28 22:30:01.714 [main] Base_Class - Clicking on submit
[INFO ] 2020-04-28 22:30:13.991 [main] Base_Class - Editing  the City
[INFO ] 2020-04-28 22:30:14.261 [main] Base_Class - Editing  the State
